<?xml version="1.0" encoding="UTF-8"?>
<!-- Generated by org.testng.reporters.JUnitReportReporter -->
<testsuite hostname="PAVANKUMAR" failures="0" tests="1" name="scripts.Test0" time="0.002" errors="0" timestamp="2022-09-13T21:25:57 IST" skipped="0">
  <testcase classname="scripts.Test0" name="tc0" time="0.002"/>
  <system-out>
    <![CDATA[Hello java]]>
  </system-out>
</testsuite> <!-- scripts.Test0 -->
